{
  "RSpec": {
    "coverage": {
      "/home/andey/Dropbox/Projects/bestofama/spec/factories/ama.rb": [
        1,
        null,
        1,
        1,
        1,
        1,
        1,
        1,
        1,
        1,
        null,
        null
      ],
      "/home/andey/Dropbox/Projects/bestofama/spec/factories/upcoming.rb": [
        1,
        null,
        1,
        1,
        1,
        1,
        1,
        1,
        null,
        null
      ],
      "/home/andey/Dropbox/Projects/bestofama/spec/factories/user.rb": [
        1,
        null,
        1,
        1,
        1,
        null,
        null
      ]
    },
    "timestamp": 1381885175
  }
}
